<?xml version="1.0" encoding="UTF-8"?>
<!-- Generated by org.testng.reporters.JUnitReportReporter -->
<testsuite skipped="0" hostname="HICHEL69569" name="com.crm.qa.testcases.HomePageTest" tests="4" failures="0" timestamp="16 Dec 2018 12:46:45 GMT" time="149.063" errors="0">
  <testcase name="verifyContactsLabelTest" time="37.499" classname="com.crm.qa.testcases.HomePageTest"/>
  <testcase name="verifyNewContactLink" time="38.219" classname="com.crm.qa.testcases.HomePageTest"/>
  <testcase name="verifyUserNameLabelTest" time="37.424" classname="com.crm.qa.testcases.HomePageTest"/>
  <testcase name="verifyTitleTest" time="35.921" classname="com.crm.qa.testcases.HomePageTest"/>
</testsuite> <!-- com.crm.qa.testcases.HomePageTest -->
