<?xml version="1.0" encoding="UTF-8"?>
<!-- Generated by org.testng.reporters.JUnitReportReporter -->
<testsuite skipped="0" hostname="HICHEL69569" name="com.crm.qa.testcases.LoginPageTest" tests="3" failures="0" timestamp="16 Dec 2018 15:06:41 GMT" time="92.915" errors="0">
  <testcase name="verifyLoginPageTest" time="41.663" classname="com.crm.qa.testcases.LoginPageTest"/>
  <testcase name="verifyTitleTest" time="26.258" classname="com.crm.qa.testcases.LoginPageTest"/>
  <testcase name="verifyCRMLogoTest" time="24.994" classname="com.crm.qa.testcases.LoginPageTest"/>
</testsuite> <!-- com.crm.qa.testcases.LoginPageTest -->
