<?xml version="1.0" encoding="UTF-8"?>
<!-- Generated by org.testng.reporters.JUnitReportReporter -->
<testsuite skipped="0" hostname="HICHEL69569" name="com.crm.qa.testcases.ContactsPageTest" tests="2" failures="0" timestamp="16 Dec 2018 12:46:45 GMT" time="85.789" errors="0">
  <testcase name="verifyCreateNewContactTest" time="42.568" classname="com.crm.qa.testcases.ContactsPageTest"/>
  <testcase name="verifyCreateNewContactTest" time="43.221" classname="com.crm.qa.testcases.ContactsPageTest"/>
</testsuite> <!-- com.crm.qa.testcases.ContactsPageTest -->
